<?xml version="1.0" encoding="UTF-8"?>
<!-- Generated by org.testng.reporters.JUnitReportReporter -->
<testsuite skipped="0" hostname="L-5894" name="com.kpit.test.Sample" tests="1" failures="0" timestamp="28 Mar 2018 05:52:32 GMT" time="13.224" errors="0">
  <testcase name="first" time="13.224" classname="com.kpit.test.Sample"/>
</testsuite> <!-- com.kpit.test.Sample -->
